{
"contracts\\NFT.sol":{"l":{"12":16},"path":"C:\\Users\\kaustubh\\Desktop\\v2\\contracts\\NFT.sol","s":{"1":16},"b":{},"f":{"1":48,"2":16},"fnMap":{"1":{"name":"constructor","line":8,"loc":{"start":{"line":8,"column":4},"end":{"line":9,"column":4}}},"2":{"name":"mint","line":11,"loc":{"start":{"line":11,"column":4},"end":{"line":13,"column":4}}}},"statementMap":{"1":{"start":{"line":12,"column":8},"end":{"line":12,"column":34}}},"branchMap":{}},
"contracts\\NFTDutchAuction.sol":{"l":{"25":48,"26":48,"27":48,"28":48,"29":48,"30":48,"31":48,"32":48,"34":48,"36":48,"37":48,"39":48,"40":48,"46":14,"48":13,"50":11,"52":11,"55":9,"57":9,"58":9,"59":9,"60":9,"63":9,"67":39,"71":9,"72":9,"76":9},"path":"C:\\Users\\kaustubh\\Desktop\\v2\\contracts\\NFTDutchAuction.sol","s":{"1":48,"2":48,"3":48,"4":14,"5":13,"6":11,"7":11,"8":9,"9":9,"10":9,"11":9,"12":39,"13":9,"14":9,"15":9},"b":{"1":[48,0],"2":[48,0],"3":[48,0],"4":[13,1],"5":[11,2],"6":[11,0],"7":[9,2],"8":[9,0],"9":[9,0]},"f":{"1":48,"2":14,"3":39,"4":9,"5":9},"fnMap":{"1":{"name":"constructor","line":23,"loc":{"start":{"line":23,"column":4},"end":{"line":42,"column":4}}},"2":{"name":"bid","line":44,"loc":{"start":{"line":44,"column":4},"end":{"line":64,"column":4}}},"3":{"name":"nop","line":66,"loc":{"start":{"line":66,"column":4},"end":{"line":68,"column":4}}},"4":{"name":"_transfer","line":70,"loc":{"start":{"line":70,"column":4},"end":{"line":73,"column":4}}},"5":{"name":"_transferNFT","line":75,"loc":{"start":{"line":75,"column":4},"end":{"line":77,"column":4}}}},"statementMap":{"1":{"start":{"line":25,"column":8},"end":{"line":25,"column":33}},"2":{"start":{"line":27,"column":8},"end":{"line":27,"column":41}},"3":{"start":{"line":30,"column":8},"end":{"line":30,"column":40}},"4":{"start":{"line":46,"column":8},"end":{"line":46,"column":106}},"5":{"start":{"line":48,"column":8},"end":{"line":48,"column":88}},"6":{"start":{"line":50,"column":8},"end":{"line":50,"column":47}},"7":{"start":{"line":52,"column":8},"end":{"line":52,"column":1696}},"8":{"start":{"line":55,"column":8},"end":{"line":55,"column":39}},"9":{"start":{"line":59,"column":8},"end":{"line":59,"column":31}},"10":{"start":{"line":60,"column":8},"end":{"line":60,"column":42}},"11":{"start":{"line":63,"column":8},"end":{"line":63,"column":25}},"12":{"start":{"line":67,"column":8},"end":{"line":67,"column":19}},"13":{"start":{"line":71,"column":8},"end":{"line":71,"column":53}},"14":{"start":{"line":72,"column":8},"end":{"line":72,"column":43}},"15":{"start":{"line":76,"column":8},"end":{"line":76,"column":80}}},"branchMap":{"1":{"line":25,"type":"if","locations":[{"start":{"line":25,"column":8},"end":{"line":25,"column":8}},{"start":{"line":25,"column":8},"end":{"line":25,"column":8}}]},"2":{"line":27,"type":"if","locations":[{"start":{"line":27,"column":8},"end":{"line":27,"column":8}},{"start":{"line":27,"column":8},"end":{"line":27,"column":8}}]},"3":{"line":30,"type":"if","locations":[{"start":{"line":30,"column":8},"end":{"line":30,"column":8}},{"start":{"line":30,"column":8},"end":{"line":30,"column":8}}]},"4":{"line":46,"type":"if","locations":[{"start":{"line":46,"column":8},"end":{"line":46,"column":8}},{"start":{"line":46,"column":8},"end":{"line":46,"column":8}}]},"5":{"line":48,"type":"if","locations":[{"start":{"line":48,"column":8},"end":{"line":48,"column":8}},{"start":{"line":48,"column":8},"end":{"line":48,"column":8}}]},"6":{"line":50,"type":"if","locations":[{"start":{"line":50,"column":8},"end":{"line":50,"column":8}},{"start":{"line":50,"column":8},"end":{"line":50,"column":8}}]},"7":{"line":52,"type":"if","locations":[{"start":{"line":52,"column":8},"end":{"line":52,"column":8}},{"start":{"line":52,"column":8},"end":{"line":52,"column":8}}]},"8":{"line":55,"type":"if","locations":[{"start":{"line":55,"column":8},"end":{"line":55,"column":8}},{"start":{"line":55,"column":8},"end":{"line":55,"column":8}}]},"9":{"line":72,"type":"if","locations":[{"start":{"line":72,"column":8},"end":{"line":72,"column":8}},{"start":{"line":72,"column":8},"end":{"line":72,"column":8}}]}}}}
