TN:
SF:C:\Users\kaustubh\Desktop\v2\contracts\NFT.sol
FN:8,constructor
FN:11,mint
FNF:2
FNH:2
FNDA:48,constructor
FNDA:16,mint
DA:12,16
LF:1
LH:1
BRF:0
BRH:0
end_of_record
TN:
SF:C:\Users\kaustubh\Desktop\v2\contracts\NFTDutchAuction.sol
FN:23,constructor
FN:44,bid
FN:66,nop
FN:70,_transfer
FN:75,_transferNFT
FNF:5
FNH:5
FNDA:48,constructor
FNDA:14,bid
FNDA:39,nop
FNDA:9,_transfer
FNDA:9,_transferNFT
DA:25,48
DA:26,48
DA:27,48
DA:28,48
DA:29,48
DA:30,48
DA:31,48
DA:32,48
DA:34,48
DA:36,48
DA:37,48
DA:39,48
DA:40,48
DA:46,14
DA:48,13
DA:50,11
DA:52,11
DA:55,9
DA:57,9
DA:58,9
DA:59,9
DA:60,9
DA:63,9
DA:67,39
DA:71,9
DA:72,9
DA:76,9
LF:27
LH:27
BRDA:25,1,0,48
BRDA:25,1,1,0
BRDA:27,2,0,48
BRDA:27,2,1,0
BRDA:30,3,0,48
BRDA:30,3,1,0
BRDA:46,4,0,13
BRDA:46,4,1,1
BRDA:48,5,0,11
BRDA:48,5,1,2
BRDA:50,6,0,11
BRDA:50,6,1,0
BRDA:52,7,0,9
BRDA:52,7,1,2
BRDA:55,8,0,9
BRDA:55,8,1,0
BRDA:72,9,0,9
BRDA:72,9,1,0
BRF:18
BRH:12
end_of_record
